<?xml version="1.0" encoding="UTF-8"?>
<testsuite xmlns:xsi="http://www.w3.org/2001/XMLSchema-instance" xsi:noNamespaceSchemaLocation="https://maven.apache.org/surefire/maven-surefire-plugin/xsd/surefire-test-report-3.0.xsd" version="3.0" name="TestSuite" time="0.714" tests="13" errors="0" skipped="0" failures="0">
  <properties>
[...]
</properties>
  <testcase name="verifyChangePassword_Valid01" classname="com.demo.test.ChangePassword_Test" time="0.013"/>
  <testcase name="verifyChangePassword_Valid02" classname="com.demo.test.ChangePassword_Test" time="0.001"/>
  <testcase name="verifyChangePassword_InValid01" classname="com.demo.test.ChangePassword_Test" time="0.001"/>
  <testcase name="verifyChangePassword_InValid02" classname="com.demo.test.ChangePassword_Test" time="0.001"/>
  <testcase name="verifyChangePassword_InValid03" classname="com.demo.test.ChangePassword_Test" time="0.001"/>
  <testcase name="verifyChangePassword_InValid04" classname="com.demo.test.ChangePassword_Test" time="0"/>
  <testcase name="verifyChangePassword_InValid05" classname="com.demo.test.ChangePassword_Test" time="0.001"/>
  <testcase name="verifyChangePassword_InValid06" classname="com.demo.test.ChangePassword_Test" time="0.001"/>
  <testcase name="verifyChangePassword_InValid07" classname="com.demo.test.ChangePassword_Test" time="0.001"/>
  <testcase name="verifyChangePassword_InValid08" classname="com.demo.test.ChangePassword_Test" time="0.002"/>
  <testcase name="verifyChangePassword_InValid09" classname="com.demo.test.ChangePassword_Test" time="0.001"/>
  <testcase name="verifyChangePassword_InValid10" classname="com.demo.test.ChangePassword_Test" time="0"/>
  <testcase name="verifyChangePassword_InValid11" classname="com.demo.test.ChangePassword_Test" time="0"/>
</testsuite>