<?xml version="1.0" encoding="UTF-8"?>
<!-- Generated by org.testng.reporters.JUnitXMLReporter -->
<testsuite hostname="LAPTOP-9R6Q5KFD" name="Test" tests="13" failures="0" timestamp="3 Jul 2019 18:03:09 GMT" time="0.078" errors="0">
  <testcase name="verifyChangePassword_Valid01" time="0.013" classname="com.demo.test.ChangePassword_Test"/>
  <testcase name="verifyChangePassword_Valid02" time="0.001" classname="com.demo.test.ChangePassword_Test"/>
  <testcase name="verifyChangePassword_InValid01" time="0.001" classname="com.demo.test.ChangePassword_Test"/>
  <testcase name="verifyChangePassword_InValid02" time="0.001" classname="com.demo.test.ChangePassword_Test"/>
  <testcase name="verifyChangePassword_InValid03" time="0.001" classname="com.demo.test.ChangePassword_Test"/>
  <testcase name="verifyChangePassword_InValid04" time="0.002" classname="com.demo.test.ChangePassword_Test"/>
  <testcase name="verifyChangePassword_InValid05" time="0.001" classname="com.demo.test.ChangePassword_Test"/>
  <testcase name="verifyChangePassword_InValid06" time="0.001" classname="com.demo.test.ChangePassword_Test"/>
  <testcase name="verifyChangePassword_InValid07" time="0.0" classname="com.demo.test.ChangePassword_Test"/>
  <testcase name="verifyChangePassword_InValid08" time="0.001" classname="com.demo.test.ChangePassword_Test"/>
  <testcase name="verifyChangePassword_InValid09" time="0.001" classname="com.demo.test.ChangePassword_Test"/>
  <testcase name="verifyChangePassword_InValid10" time="0.001" classname="com.demo.test.ChangePassword_Test"/>
  <testcase name="verifyChangePassword_InValid11" time="0.001" classname="com.demo.test.ChangePassword_Test"/>
</testsuite> <!-- Test -->
